{"contracts/SimpleLottery.sol":{"l":{"64":3,"65":3,"66":3,"67":3,"68":3,"69":3,"70":3,"71":3,"75":5,"76":1,"78":4,"79":1,"81":3,"83":3,"101":1,"103":1,"104":1,"105":1,"106":1,"114":1,"115":1,"116":0,"122":1,"123":1,"130":1,"137":0,"138":0,"139":0,"140":0,"141":0,"142":0,"143":0,"145":0,"146":0,"149":0,"153":5,"157":1,"161":0,"165":1,"169":6,"173":0,"177":0,"181":0},"path":"/Users/konstantinabl/solidity-crash-course/hardhat-smart-contract-lottery/contracts/SimpleLottery.sol","s":{"1":5,"2":4,"3":3,"4":3,"5":1,"6":1,"7":1,"8":1,"9":1,"10":1,"11":1,"12":1,"13":0,"14":0,"15":0,"16":0,"17":0,"18":5,"19":1,"20":0,"21":1,"22":6,"23":0,"24":0,"25":0},"b":{"1":[1,4],"2":[1,3],"3":[0,1],"4":[0,0]},"f":{"1":3,"2":5,"3":1,"4":1,"5":0,"6":5,"7":1,"8":0,"9":1,"10":6,"11":0,"12":0,"13":0},"fnMap":{"1":{"name":"constructor","line":63,"loc":{"start":{"line":56,"column":4},"end":{"line":72,"column":4}}},"2":{"name":"enterLottery","line":74,"loc":{"start":{"line":74,"column":4},"end":{"line":84,"column":4}}},"3":{"name":"checkUpkeep","line":90,"loc":{"start":{"line":90,"column":4},"end":{"line":108,"column":4}}},"4":{"name":"performUpkeep","line":110,"loc":{"start":{"line":110,"column":4},"end":{"line":131,"column":4}}},"5":{"name":"fulfillRandomWords","line":133,"loc":{"start":{"line":133,"column":4},"end":{"line":150,"column":4}}},"6":{"name":"getEntranceFee","line":152,"loc":{"start":{"line":152,"column":4},"end":{"line":154,"column":4}}},"7":{"name":"getPlayer","line":156,"loc":{"start":{"line":156,"column":4},"end":{"line":158,"column":4}}},"8":{"name":"getRecentWineer","line":160,"loc":{"start":{"line":160,"column":4},"end":{"line":162,"column":4}}},"9":{"name":"getRaffleState","line":164,"loc":{"start":{"line":164,"column":4},"end":{"line":166,"column":4}}},"10":{"name":"getInterval","line":168,"loc":{"start":{"line":168,"column":4},"end":{"line":170,"column":4}}},"11":{"name":"getNumberOfPlayers","line":172,"loc":{"start":{"line":172,"column":4},"end":{"line":174,"column":4}}},"12":{"name":"getNumWords","line":176,"loc":{"start":{"line":176,"column":4},"end":{"line":178,"column":4}}},"13":{"name":"getRequestConfirmations","line":180,"loc":{"start":{"line":180,"column":4},"end":{"line":182,"column":4}}}},"statementMap":{"1":{"start":{"line":75,"column":8},"end":{"line":75,"column":2372}},"2":{"start":{"line":78,"column":8},"end":{"line":78,"column":2480}},"3":{"start":{"line":81,"column":8},"end":{"line":81,"column":42}},"4":{"start":{"line":83,"column":8},"end":{"line":83,"column":43}},"5":{"start":{"line":101,"column":8},"end":{"line":101,"column":65}},"6":{"start":{"line":103,"column":8},"end":{"line":103,"column":74}},"7":{"start":{"line":104,"column":8},"end":{"line":104,"column":52}},"8":{"start":{"line":105,"column":8},"end":{"line":105,"column":51}},"9":{"start":{"line":114,"column":8},"end":{"line":114,"column":47}},"10":{"start":{"line":115,"column":8},"end":{"line":115,"column":3644}},"11":{"start":{"line":123,"column":8},"end":{"line":123,"column":3919}},"12":{"start":{"line":130,"column":8},"end":{"line":130,"column":45}},"13":{"start":{"line":137,"column":8},"end":{"line":137,"column":65}},"14":{"start":{"line":138,"column":8},"end":{"line":138,"column":63}},"15":{"start":{"line":143,"column":8},"end":{"line":143,"column":78}},"16":{"start":{"line":145,"column":8},"end":{"line":145,"column":4708}},"17":{"start":{"line":149,"column":8},"end":{"line":149,"column":39}},"18":{"start":{"line":153,"column":8},"end":{"line":153,"column":28}},"19":{"start":{"line":157,"column":8},"end":{"line":157,"column":31}},"20":{"start":{"line":161,"column":8},"end":{"line":161,"column":29}},"21":{"start":{"line":165,"column":8},"end":{"line":165,"column":29}},"22":{"start":{"line":169,"column":8},"end":{"line":169,"column":25}},"23":{"start":{"line":173,"column":8},"end":{"line":173,"column":31}},"24":{"start":{"line":177,"column":8},"end":{"line":177,"column":24}},"25":{"start":{"line":181,"column":8},"end":{"line":181,"column":36}}},"branchMap":{"1":{"line":75,"type":"if","locations":[{"start":{"line":75,"column":8},"end":{"line":75,"column":8}},{"start":{"line":75,"column":8},"end":{"line":75,"column":8}}]},"2":{"line":78,"type":"if","locations":[{"start":{"line":78,"column":8},"end":{"line":78,"column":8}},{"start":{"line":78,"column":8},"end":{"line":78,"column":8}}]},"3":{"line":115,"type":"if","locations":[{"start":{"line":115,"column":8},"end":{"line":115,"column":8}},{"start":{"line":115,"column":8},"end":{"line":115,"column":8}}]},"4":{"line":145,"type":"if","locations":[{"start":{"line":145,"column":8},"end":{"line":145,"column":8}},{"start":{"line":145,"column":8},"end":{"line":145,"column":8}}]}}},"contracts/test/VRFCoordinatorV2Mock.sol":{"l":{},"path":"/Users/konstantinabl/solidity-crash-course/hardhat-smart-contract-lottery/contracts/test/VRFCoordinatorV2Mock.sol","s":{},"b":{},"f":{},"fnMap":{},"statementMap":{},"branchMap":{}}}