TN:
SF:/Users/konstantinabl/solidity-crash-course/hardhat-smart-contract-lottery/contracts/SimpleLottery.sol
FN:63,constructor
FN:74,enterLottery
FN:90,checkUpkeep
FN:110,performUpkeep
FN:133,fulfillRandomWords
FN:152,getEntranceFee
FN:156,getPlayer
FN:160,getRecentWineer
FN:164,getRaffleState
FN:168,getInterval
FN:172,getNumberOfPlayers
FN:176,getNumWords
FN:180,getRequestConfirmations
FNF:13
FNH:8
FNDA:3,constructor
FNDA:5,enterLottery
FNDA:1,checkUpkeep
FNDA:1,performUpkeep
FNDA:0,fulfillRandomWords
FNDA:5,getEntranceFee
FNDA:1,getPlayer
FNDA:0,getRecentWineer
FNDA:1,getRaffleState
FNDA:6,getInterval
FNDA:0,getNumberOfPlayers
FNDA:0,getNumWords
FNDA:0,getRequestConfirmations
DA:64,3
DA:65,3
DA:66,3
DA:67,3
DA:68,3
DA:69,3
DA:70,3
DA:71,3
DA:75,5
DA:76,1
DA:78,4
DA:79,1
DA:81,3
DA:83,3
DA:101,1
DA:103,1
DA:104,1
DA:105,1
DA:106,1
DA:114,1
DA:115,1
DA:116,0
DA:122,1
DA:123,1
DA:130,1
DA:137,0
DA:138,0
DA:139,0
DA:140,0
DA:141,0
DA:142,0
DA:143,0
DA:145,0
DA:146,0
DA:149,0
DA:153,5
DA:157,1
DA:161,0
DA:165,1
DA:169,6
DA:173,0
DA:177,0
DA:181,0
LF:43
LH:28
BRDA:75,1,0,1
BRDA:75,1,1,4
BRDA:78,2,0,1
BRDA:78,2,1,3
BRDA:115,3,0,0
BRDA:115,3,1,1
BRDA:145,4,0,0
BRDA:145,4,1,0
BRF:8
BRH:5
end_of_record
TN:
SF:/Users/konstantinabl/solidity-crash-course/hardhat-smart-contract-lottery/contracts/test/VRFCoordinatorV2Mock.sol
FNF:0
FNH:0
LF:0
LH:0
BRF:0
BRH:0
end_of_record
